<?xml version="1.0" encoding="UTF-8"?>
<coverage generated="1568642726361" clover="3.2.0">
  <project timestamp="1568642726361" name="All files">
    <metrics statements="6" coveredstatements="6" conditionals="0" coveredconditionals="0" methods="1" coveredmethods="1" elements="7" coveredelements="7" complexity="0" loc="6" ncloc="6" packages="2" files="2" classes="2">
      <package name="__tests__.setup">
        <metrics statements="1" coveredstatements="1" conditionals="0" coveredconditionals="0" methods="0" coveredmethods="0"/>
        <file name="setupEnzyme.js" path="/Users/oluwajuwonfagbohungbe/Documents/D1/Andela-Socials/clientV2/__tests__/setup/setupEnzyme.js">
          <metrics statements="1" coveredstatements="1" conditionals="0" coveredconditionals="0" methods="0" coveredmethods="0"/>
          <line num="4" count="1" type="stmt"/>
        </file>
      </package>
      <package name="components.cards">
        <metrics statements="5" coveredstatements="5" conditionals="0" coveredconditionals="0" methods="1" coveredmethods="1"/>
        <file name="Card.jsx" path="/Users/oluwajuwonfagbohungbe/Documents/D1/Andela-Socials/clientV2/components/cards/Card.jsx">
          <metrics statements="5" coveredstatements="5" conditionals="0" coveredconditionals="0" methods="1" coveredmethods="1"/>
          <line num="12" count="1" type="stmt"/>
          <line num="15" count="1" type="stmt"/>
          <line num="17" count="1" type="stmt"/>
          <line num="27" count="1" type="stmt"/>
          <line num="32" count="1" type="stmt"/>
        </file>
      </package>
    </metrics>
  </project>
</coverage>
