{"/Users/oluwajuwonfagbohungbe/Documents/D1/Andela-Socials/clientV2/__tests__/setup/setupEnzyme.js": {"path":"/Users/oluwajuwonfagbohungbe/Documents/D1/Andela-Socials/clientV2/__tests__/setup/setupEnzyme.js","statementMap":{"0":{"start":{"line":4,"column":0},"end":{"line":4,"column":45}}},"fnMap":{},"branchMap":{},"s":{"0":1},"f":{},"b":{},"_coverageSchema":"332fd63041d2c1bcb487cc26dd0d5f7d97098a6c","hash":"b5a244deb5a31d19a34cbd6d25abbef55c8582f1"}
,"/Users/oluwajuwonfagbohungbe/Documents/D1/Andela-Socials/clientV2/components/cards/Card.jsx": {"path":"/Users/oluwajuwonfagbohungbe/Documents/D1/Andela-Socials/clientV2/components/cards/Card.jsx","statementMap":{"0":{"start":{"line":12,"column":13},"end":{"line":25,"column":1}},"1":{"start":{"line":15,"column":6},"end":{"line":15,"column":11}},"2":{"start":{"line":17,"column":2},"end":{"line":24,"column":4}},"3":{"start":{"line":27,"column":0},"end":{"line":30,"column":2}},"4":{"start":{"line":32,"column":0},"end":{"line":32,"column":34}}},"fnMap":{"0":{"name":"(anonymous_0)","decl":{"start":{"line":12,"column":13},"end":{"line":12,"column":14}},"loc":{"start":{"line":12,"column":24},"end":{"line":25,"column":1}},"line":12}},"branchMap":{},"s":{"0":1,"1":1,"2":1,"3":1,"4":1},"f":{"0":1},"b":{},"_coverageSchema":"332fd63041d2c1bcb487cc26dd0d5f7d97098a6c","hash":"8816cbf447cdbf9031281dbaad038cdb6c65ef13"}
}
